13-Feb-2017 09:52:39.497 INFO [http-nio-9999-exec-1] org.apache.catalina.core.ApplicationContext.log HTMLManager: init: Associated with Deployer 'Catalina:type=Deployer,host=localhost'
13-Feb-2017 09:52:39.497 INFO [http-nio-9999-exec-1] org.apache.catalina.core.ApplicationContext.log HTMLManager: init: Global resources are available
13-Feb-2017 09:52:39.507 INFO [http-nio-9999-exec-1] org.apache.catalina.core.ApplicationContext.log HTMLManager: list: Listing contexts for virtual host 'localhost'
13-Feb-2017 09:52:58.420 INFO [http-nio-9999-exec-5] org.apache.catalina.core.ApplicationContext.log HTMLManager: restart: Reloading web application '/'
13-Feb-2017 09:52:58.516 INFO [http-nio-9999-exec-5] org.apache.catalina.core.ApplicationContext.log HTMLManager: list: Listing contexts for virtual host 'localhost'
13-Feb-2017 09:53:04.370 INFO [http-nio-9999-exec-7] org.apache.catalina.core.ApplicationContext.log HTMLManager: list: Listing contexts for virtual host 'localhost'
13-Feb-2017 09:53:35.178 INFO [http-nio-9999-exec-3] org.apache.catalina.core.ApplicationContext.log HTMLManager: restart: Reloading web application '/springapp'
13-Feb-2017 09:53:35.242 INFO [http-nio-9999-exec-3] org.apache.catalina.core.ApplicationContext.log HTMLManager: list: Listing contexts for virtual host 'localhost'
13-Feb-2017 09:53:57.676 INFO [http-nio-9999-exec-8] org.apache.catalina.core.ApplicationContext.log HTMLManager: list: Listing contexts for virtual host 'localhost'
13-Feb-2017 09:54:06.835 INFO [http-nio-9999-exec-12] org.apache.catalina.core.ApplicationContext.log HTMLManager: stop: Stopping web application '/springapp'
13-Feb-2017 09:54:06.847 INFO [http-nio-9999-exec-12] org.apache.catalina.core.ApplicationContext.log HTMLManager: list: Listing contexts for virtual host 'localhost'
13-Feb-2017 09:54:16.701 INFO [http-nio-9999-exec-10] org.apache.catalina.core.ApplicationContext.log HTMLManager: start: Starting web application '/springapp'
13-Feb-2017 09:54:16.737 INFO [http-nio-9999-exec-10] org.apache.catalina.core.ApplicationContext.log HTMLManager: list: Listing contexts for virtual host 'localhost'
13-Feb-2017 10:09:07.855 INFO [http-nio-9999-exec-7] org.apache.catalina.core.ApplicationContext.log HTMLManager: init: Associated with Deployer 'Catalina:type=Deployer,host=localhost'
13-Feb-2017 10:09:07.855 INFO [http-nio-9999-exec-7] org.apache.catalina.core.ApplicationContext.log HTMLManager: init: Global resources are available
13-Feb-2017 10:09:07.882 INFO [http-nio-9999-exec-7] org.apache.catalina.core.ApplicationContext.log HTMLManager: list: Listing contexts for virtual host 'localhost'
13-Feb-2017 10:34:49.141 INFO [http-nio-9999-exec-3] org.apache.catalina.core.ApplicationContext.log Manager: init: Associated with Deployer 'Catalina:type=Deployer,host=localhost'
13-Feb-2017 10:34:49.141 INFO [http-nio-9999-exec-3] org.apache.catalina.core.ApplicationContext.log Manager: init: Global resources are available
13-Feb-2017 10:34:56.877 INFO [http-nio-9999-exec-5] org.apache.catalina.core.ApplicationContext.log HTMLManager: init: Associated with Deployer 'Catalina:type=Deployer,host=localhost'
13-Feb-2017 10:34:56.877 INFO [http-nio-9999-exec-5] org.apache.catalina.core.ApplicationContext.log HTMLManager: init: Global resources are available
13-Feb-2017 10:34:56.884 INFO [http-nio-9999-exec-5] org.apache.catalina.core.ApplicationContext.log HTMLManager: list: Listing contexts for virtual host 'localhost'
13-Feb-2017 10:35:13.323 INFO [http-nio-9999-exec-7] org.apache.catalina.core.ApplicationContext.log HTMLManager: list: Listing contexts for virtual host 'localhost'
13-Feb-2017 10:38:38.565 INFO [http-nio-9999-exec-5] org.apache.catalina.core.ApplicationContext.log HTMLManager: list: Listing contexts for virtual host 'localhost'
